<?xml version="1.0" encoding="UTF-8"?>
<!-- Generated by org.testng.reporters.JUnitReportReporter -->
<testsuite hostname="TXCHD-LAP-115" failures="0" tests="1" name="testCases.TC_002_LoginTest" time="3.012" errors="0" timestamp="2023-08-06T16:39:14 IST" skipped="0">
  <testcase classname="testCases.TC_002_LoginTest" name="loginTest" time="3.012"/>
</testsuite> <!-- testCases.TC_002_LoginTest -->
