<?xml version="1.0" encoding="UTF-8"?>
<!-- Generated by org.testng.reporters.JUnitReportReporter -->
<testsuite hostname="TXCHD-LAP-115" failures="0" tests="5" name="testCases.TC_003_TestDDT" time="46.005" errors="0" timestamp="2023-08-06T16:18:26 IST" skipped="0">
  <testcase classname="testCases.TC_003_TestDDT" name="test_LoginDDT" time="10.422"/>
  <testcase classname="testCases.TC_003_TestDDT" name="test_LoginDDT" time="10.474"/>
  <testcase classname="testCases.TC_003_TestDDT" name="test_LoginDDT" time="4.212"/>
  <testcase classname="testCases.TC_003_TestDDT" name="test_LoginDDT" time="10.429"/>
  <testcase classname="testCases.TC_003_TestDDT" name="test_LoginDDT" time="10.468"/>
</testsuite> <!-- testCases.TC_003_TestDDT -->
