<?xml version="1.0" encoding="UTF-8"?>
<!-- Generated by org.testng.reporters.JUnitReportReporter -->
<testsuite hostname="TXCHD-LAP-115" failures="0" tests="1" name="testCases.TC_002_LoginTest" time="3.377" errors="0" timestamp="2023-08-13T11:39:14 GMT" skipped="0">
  <testcase classname="testCases.TC_002_LoginTest" name="loginTest" time="3.377"/>
  <system-out/>
</testsuite> <!-- testCases.TC_002_LoginTest -->
